03-01-2020 01:52:05 1578016325463 BuildInfo[
                          Build=20191003
                          BuildNumber=20191003
                          Revision=fea8197
                          UpstreamRevision=3b1d495
                          Version=3.12.3
                          SerialVersion=1
                          Enterprise=true
                          JetVersion=3.2
                          JetBuild=20191018
                          JetRevision=61a9fa1]
03-01-2020 01:52:05 1578016325463 ConfigProperties[]
03-01-2020 01:52:05 1578016325463 SystemProperties[
                          hazelcast.client.config=/opt/hazelcast-jet-enterprise/config/hazelcast-client.xml
                          hazelcast.config=/opt/hazelcast-jet-enterprise/config/hazelcast.xml
                          hazelcast.diagnostics.enabled=true
                          hazelcast.enterprise.license.key=JET_ENTERPRISE#4Nodes#HnJiP0GC6Xb1lkyZOWdjKw9MmYTSD2BguANqf8EUQ517001093000101010120001000149101011009010001
                          hazelcast.jet.config=/opt/hazelcast-jet-enterprise/config/hazelcast-jet.xml
                          hazelcast.local.publicAddress=192.168.86.217:5703
                          hazelcast.mancenter.url=http://192.168.86.217:8080/hazelcast-mancenter
                          java.class.path=/opt/hazelcast-jet-enterprise/lib/hazelcast-jet-enterprise-3.2.jar:/opt/hazelcast-jet-enterprise:/opt/hazelcast-jet-enterprise/lib/hazelcast-jet-enterprise-3.2.jar:/opt/hazelcast-jet-enterprise/dependencies:/opt/hazelcast-jet-enterprise/dependencies/jmx_prometheus_javaagent.jar:/opt/hazelcast-jet-enterprise/dependencies/commons-math-2.2.jar:/opt/hazelcast-jet-enterprise/dependencies/stringtemplate-3.2.1.jar:/opt/hazelcast-jet-enterprise/dependencies/xmlpull-1.1.3.1.jar:/opt/hazelcast-jet-enterprise/dependencies/eureka-client-1.8.6.jar:/opt/hazelcast-jet-enterprise/dependencies/aopalliance-1.0.jar:/opt/hazelcast-jet-enterprise/dependencies/commons-lang-2.6.jar:/opt/hazelcast-jet-enterprise/dependencies/commons-logging-1.1.1.jar:/opt/hazelcast-jet-enterprise/dependencies/xstream-1.4.10.jar:/opt/hazelcast-jet-enterprise/dependencies/jackson-annotations-2.8.7.jar:/opt/hazelcast-jet-enterprise/dependencies/netflix-infix-0.3.0.jar:/opt/hazelcast-jet-enterprise/dependencies/stax-api-1.0.1.jar:/opt/hazelcast-jet-enterprise/dependencies/archaius-core-0.7.5.jar:/opt/hazelcast-jet-enterprise/dependencies/cache-api-1.1.0.jar:/opt/hazelcast-jet-enterprise/dependencies/jackson-databind-2.8.7.jar:/opt/hazelcast-jet-enterprise/dependencies/guava-22.0.jar:/opt/hazelcast-jet-enterprise/dependencies/hazelcast-eureka-one-1.1.1.jar:/opt/hazelcast-jet-enterprise/dependencies/commons-jxpath-1.3.jar:/opt/hazelcast-jet-enterprise/dependencies/servo-core-0.10.1.jar:/opt/hazelcast-jet-enterprise/dependencies/jersey-core-1.19.1.jar:/opt/hazelcast-jet-enterprise/dependencies/servo-internal-0.10.1.jar:/opt/hazelcast-jet-enterprise/dependencies/javax.inject-1.jar:/opt/hazelcast-jet-enterprise/dependencies/guice-4.1.0.jar:/opt/hazelcast-jet-enterprise/dependencies/jersey-client-1.19.1.jar:/opt/hazelcast-jet-enterprise/dependencies/jersey-apache-client4-1.19.1.jar:/opt/hazelcast-jet-enterprise/dependencies/jsr305-3.0.1.jar:/opt/hazelcast-jet-enterprise/dependencies/compactmap-1.2.1.jar:/opt/hazelcast-jet-enterprise/dependencies/httpcore-4.4.1.jar:/opt/hazelcast-jet-enterprise/dependencies/servlet-api-2.5.jar:/opt/hazelcast-jet-enterprise/dependencies/joda-time-2.3.jar:/opt/hazelcast-jet-enterprise/dependencies/animal-sniffer-annotations-1.14.jar:/opt/hazelcast-jet-enterprise/dependencies/commons-configuration-1.8.jar:/opt/hazelcast-jet-enterprise/dependencies/slf4j-api-1.6.4.jar:/opt/hazelcast-jet-enterprise/dependencies/antlr-2.7.7.jar:/opt/hazelcast-jet-enterprise/dependencies/j2objc-annotations-1.1.jar:/opt/hazelcast-jet-enterprise/dependencies/hazelcast-aws-2.4.jar:/opt/hazelcast-jet-enterprise/dependencies/netflix-eventbus-0.3.0.jar:/opt/hazelcast-jet-enterprise/dependencies/httpclient-4.4.1.jar:/opt/hazelcast-jet-enterprise/dependencies/hazelcast-kubernetes-1.4.jar:/opt/hazelcast-jet-enterprise/dependencies/dexx-collections-0.2.jar:/opt/hazelcast-jet-enterprise/dependencies/antlr-runtime-3.4.jar:/opt/hazelcast-jet-enterprise/dependencies/annotations-2.0.0.jar:/opt/hazelcast-jet-enterprise/dependencies/gson-2.1.jar:/opt/hazelcast-jet-enterprise/dependencies/jsr311-api-1.1.1.jar:/opt/hazelcast-jet-enterprise/dependencies/jettison-1.3.7.jar:/opt/hazelcast-jet-enterprise/dependencies/jackson-core-2.8.7.jar:/opt/hazelcast-jet-enterprise/dependencies/commons-codec-1.9.jar:/opt/hazelcast-jet-enterprise/dependencies/error_prone_annotations-2.0.18.jar:/opt/hazelcast-jet-enterprise/dependencies/xpp3_min-1.1.4c.jar:
                          java.class.version=52.0
                          java.endorsed.dirs=/usr/lib/jvm/java-1.8-openjdk/jre/lib/endorsed
                          java.ext.dirs=/usr/lib/jvm/java-1.8-openjdk/jre/lib/ext:/usr/java/packages/lib/ext
                          java.home=/usr/lib/jvm/java-1.8-openjdk/jre
                          java.io.tmpdir=/tmp
                          java.library.path=/usr/lib/jvm/java-1.8-openjdk/jre/lib/amd64/server:/usr/lib/jvm/java-1.8-openjdk/jre/lib/amd64:/usr/lib/jvm/java-1.8-openjdk/jre/../lib/amd64:/usr/java/packages/lib/amd64:/usr/lib64:/lib64:/lib:/usr/lib
                          java.net.preferIPv4Stack=true -Djava.util.logging.config.file=/opt/hazelcast-jet-enterprise/logging.properties
                          java.runtime.name=OpenJDK Runtime Environment
                          java.runtime.version=1.8.0_201-b08
                          java.specification.name=Java Platform API Specification
                          java.specification.vendor=Oracle Corporation
                          java.specification.version=1.8
                          java.vendor=Oracle Corporation
                          java.vendor.url=http://java.oracle.com/
                          java.vendor.url.bug=http://bugreport.sun.com/bugreport/
                          java.version=1.8.0_201
                          java.vm.args=-Dhazelcast.mancenter.url=http://192.168.86.217:8080/hazelcast-mancenter -Dgroup.name=hz-jet-ent-cluster -Dgroup.password=s3cr3t -Dhazelcast.local.publicAddress=192.168.86.217:5703 -Dhazelcast.diagnostics.enabled=true -Dhazelcast.config=/opt/hazelcast-jet-enterprise/config-ext/hazelcast.xml -Djava.net.preferIPv4Stack=true -Djava.util.logging.config.file=/opt/hazelcast-jet-enterprise/logging.properties -Dhazelcast.enterprise.license.key=JET_ENTERPRISE#4Nodes#HnJiP0GC6Xb1lkyZOWdjKw9MmYTSD2BguANqf8EUQ517001093000101010120001000149101011009010001 -Dhazelcast.config=/opt/hazelcast-jet-enterprise/config/hazelcast.xml -Djet.home=/opt/hazelcast-jet-enterprise -Dhazelcast.client.config=/opt/hazelcast-jet-enterprise/config/hazelcast-client.xml -Dhazelcast.jet.config=/opt/hazelcast-jet-enterprise/config/hazelcast-jet.xml 
                          java.vm.info=mixed mode
                          java.vm.name=OpenJDK 64-Bit Server VM
                          java.vm.specification.name=Java Virtual Machine Specification
                          java.vm.specification.vendor=Oracle Corporation
                          java.vm.specification.version=1.8
                          java.vm.vendor=Oracle Corporation
                          java.vm.version=25.201-b08
                          os.arch=amd64
                          os.name=Linux
                          os.version=4.9.184-linuxkit
                          sun.arch.data.model=64
                          sun.boot.class.path=/usr/lib/jvm/java-1.8-openjdk/jre/lib/resources.jar:/usr/lib/jvm/java-1.8-openjdk/jre/lib/rt.jar:/usr/lib/jvm/java-1.8-openjdk/jre/lib/sunrsasign.jar:/usr/lib/jvm/java-1.8-openjdk/jre/lib/jsse.jar:/usr/lib/jvm/java-1.8-openjdk/jre/lib/jce.jar:/usr/lib/jvm/java-1.8-openjdk/jre/lib/charsets.jar:/usr/lib/jvm/java-1.8-openjdk/jre/lib/jfr.jar:/usr/lib/jvm/java-1.8-openjdk/jre/classes
                          sun.boot.library.path=/usr/lib/jvm/java-1.8-openjdk/jre/lib/amd64
                          sun.cpu.endian=little
                          sun.cpu.isalist=
                          sun.io.unicode.encoding=UnicodeLittle
                          sun.java.command=com.hazelcast.jet.server.JetCommandLine -f ../config-ext/hazelcast-client.xml list-jobs
                          sun.java.launcher=SUN_STANDARD
                          sun.jnu.encoding=UTF-8
                          sun.management.compiler=HotSpot 64-Bit Tiered Compilers
                          sun.os.patch.level=unknown]
03-01-2020 01:52:05 1578016325464 Metric[classloading.loadedClassesCount=3909]
03-01-2020 01:52:05 1578016325464 Metric[classloading.totalLoadedClassesCount=3910]
03-01-2020 01:52:05 1578016325464 Metric[classloading.unloadedClassCount=0]
03-01-2020 01:52:05 1578016325464 Metric[executionService.userExecutorQueueSize=0]
03-01-2020 01:52:05 1578016325464 Metric[file.partition[user.home].freeSpace=58290720768]
03-01-2020 01:52:05 1578016325464 Metric[file.partition[user.home].totalSpace=62725623808]
03-01-2020 01:52:05 1578016325464 Metric[file.partition[user.home].usableSpace=55074004992]
03-01-2020 01:52:05 1578016325464 Metric[gc.majorCount=0]
03-01-2020 01:52:05 1578016325464 Metric[gc.majorTime=0]
03-01-2020 01:52:05 1578016325464 Metric[gc.minorCount=0]
03-01-2020 01:52:05 1578016325464 Metric[gc.minorTime=0]
03-01-2020 01:52:05 1578016325464 Metric[gc.unknownCount=0]
03-01-2020 01:52:05 1578016325464 Metric[gc.unknownTime=0]
03-01-2020 01:52:05 1578016325464 Metric[invocations.maxCurrentInvocations=2147483647]
03-01-2020 01:52:05 1578016325464 Metric[invocations.pendingCalls=0]
03-01-2020 01:52:05 1578016325464 Metric[invocations.startedInvocations=5]
03-01-2020 01:52:05 1578016325464 Metric[listeners.eventHandlerCount=2]
03-01-2020 01:52:05 1578016325464 Metric[listeners.eventQueueSize=0]
03-01-2020 01:52:05 1578016325464 Metric[listeners.eventsProcessed=7]
03-01-2020 01:52:05 1578016325464 Metric[memory.committedHeap=126877696]
03-01-2020 01:52:05 1578016325464 Metric[memory.committedNative=0]
03-01-2020 01:52:05 1578016325464 Metric[memory.freeHeap=104334136]
03-01-2020 01:52:05 1578016325464 Metric[memory.freeNative=0]
03-01-2020 01:52:05 1578016325464 Metric[memory.freePhysical=-1]
03-01-2020 01:52:05 1578016325464 Metric[memory.maxHeap=1858600960]
03-01-2020 01:52:05 1578016325464 Metric[memory.maxMetadata=0]
03-01-2020 01:52:05 1578016325464 Metric[memory.maxNative=0]
03-01-2020 01:52:05 1578016325464 Metric[memory.totalPhysical=-1]
03-01-2020 01:52:05 1578016325464 Metric[memory.usedHeap=23207448]
03-01-2020 01:52:05 1578016325464 Metric[memory.usedMetadata=0]
03-01-2020 01:52:05 1578016325464 Metric[memory.usedNative=0]
03-01-2020 01:52:05 1578016325464 Metric[os.committedVirtualMemorySize=3665985536]
03-01-2020 01:52:05 1578016325464 Metric[os.freePhysicalMemorySize=233992192]
03-01-2020 01:52:05 1578016325464 Metric[os.freeSwapSpaceSize=1030836224]
03-01-2020 01:52:05 1578016325464 Metric[os.maxFileDescriptorCount=1048576]
03-01-2020 01:52:05 1578016325464 Metric[os.openFileDescriptorCount=67]
03-01-2020 01:52:05 1578016325464 Metric[os.processCpuLoad=8.670795735724333E-4]
03-01-2020 01:52:05 1578016325464 Metric[os.processCpuTime=1600000000]
03-01-2020 01:52:05 1578016325464 Metric[os.systemCpuLoad=4.219479938706148]
03-01-2020 01:52:05 1578016325464 Metric[os.systemLoadAverage=2.78759765625]
03-01-2020 01:52:05 1578016325464 Metric[os.totalPhysicalMemorySize=8360194048]
03-01-2020 01:52:05 1578016325464 Metric[os.totalSwapSpaceSize=1073737728]
03-01-2020 01:52:05 1578016325464 Metric[runtime.availableProcessors=8]
03-01-2020 01:52:05 1578016325464 Metric[runtime.freeMemory=103670248]
03-01-2020 01:52:05 1578016325464 Metric[runtime.maxMemory=1858600960]
03-01-2020 01:52:05 1578016325464 Metric[runtime.totalMemory=126877696]
03-01-2020 01:52:05 1578016325464 Metric[runtime.uptime=998]
03-01-2020 01:52:05 1578016325464 Metric[runtime.usedMemory=23207448]
03-01-2020 01:52:05 1578016325464 Metric[thread.daemonThreadCount=3]
03-01-2020 01:52:05 1578016325464 Metric[thread.peakThreadCount=16]
03-01-2020 01:52:05 1578016325464 Metric[thread.threadCount=16]
03-01-2020 01:52:05 1578016325464 Metric[thread.totalStartedThreadCount=16]
